(---------------------------------------------------------------------)
(                                                                     )
(    Allegro Netrev Import Logic                                      )
(                                                                     )
(    Drawing          : PULSE MODULATION.brd                          )
(    Software Version : 17.2P019                                      )
(    Date/Time        : Tue Jul 30 12:31:49 2019                      )
(                                                                     )
(---------------------------------------------------------------------)


------ Directives ------------

Ripup etch:                  No
Ripup delete first segment:  No
Ripup retain bondwire:       No
Ripup symbols:               Always
Missing symbol has error:    No
DRC update:                  Yes
Schematic directory:         'C:\WORK_ORCAD\allegro'
Design Directory:            '.'
Old design name:             'C:/WORK_ORCAD/allegro/PULSE MODULATION.brd'
New design name:             'C:/WORK_ORCAD/allegro/PULSE MODULATION.brd'

CmdLine: netrev.exe -y 1 -i C:\WORK_ORCAD\allegro C:\WORK_ORCAD\allegro\PULSE MODULATION.brd C:\WORK_ORCAD\allegro\PULSE MODULATION.brd

------ Preparing to read pst files ------

Starting to read C:/WORK_ORCAD/allegro/pstchip.dat 
   Finished reading C:/WORK_ORCAD/allegro/pstchip.dat (00:00:00.02)
Starting to read C:/WORK_ORCAD/allegro/pstxprt.dat 
   Finished reading C:/WORK_ORCAD/allegro/pstxprt.dat (00:00:00.00)
Starting to read C:/WORK_ORCAD/allegro/pstxnet.dat 
   Finished reading C:/WORK_ORCAD/allegro/pstxnet.dat (00:00:00.00)

------ Oversights/Warnings/Errors ------


------ Library Paths ------
MODULEPATH =  . 
           C:/Cadence/SPB_17.2/share/local/pcb/modules 

PSMPATH =  . 
           symbols 
           .. 
           ../symbols 
           C:/Cadence/SPB_17.2/share/local/pcb/symbols 
           C:/Cadence/SPB_17.2/share/pcb/pcb_lib/symbols 
           C:/Cadence/SPB_17.2/share/pcb/allegrolib/symbols 
           C:/Users/user/Desktop/workspace/pcp_lib/psm/ 

PADPATH =  . 
           symbols 
           .. 
           ../symbols 
           C:/Cadence/SPB_17.2/share/local/pcb/padstacks 
           C:/Cadence/SPB_17.2/share/pcb/pcb_lib/symbols 
           C:/Cadence/SPB_17.2/share/pcb/allegrolib/symbols 
           C:/Users/user/Desktop/workspace/pcp_lib/pad/ 


------ Summary Statistics ------


netrev run on Jul 30 12:31:49 2019
   DESIGN NAME : 'PULSE MODULATION'
   PACKAGING ON Mar  2 2016 00:37:24

   COMPILE 'logic'
   CHECK_PIN_NAMES OFF
   CROSS_REFERENCE OFF
   FEEDBACK OFF
   INCREMENTAL OFF
   INTERFACE_TYPE PHYSICAL
   MAX_ERRORS 500
   MERGE_MINIMUM 5
   NET_NAME_CHARS '#%&()*+-./:=>?@[]^_`|'
   NET_NAME_LENGTH 24
   OVERSIGHTS ON
   REPLACE_CHECK OFF
   SINGLE_NODE_NETS ON
   SPLIT_MINIMUM 0
   SUPPRESS   20
   WARNINGS ON

 No error detected
 No oversight detected
 No warning detected

cpu time      0:00:27
elapsed time  0:00:00

